<?xml version="1.0" encoding="UTF-8"?>
<testng-results ignored="0" total="1" passed="1" failed="0" skipped="0">
  <reporter-output>
  </reporter-output>
  <suite started-at="2024-12-04T20:45:10 IST" name="LoginSuite" finished-at="2024-12-04T20:45:24 IST" duration-ms="13751">
    <groups>
    </groups>
    <test started-at="2024-12-04T20:45:10 IST" name="LoginTest" finished-at="2024-12-04T20:45:24 IST" duration-ms="13751">
      <class name="tests.LoginTest">
        <test-method is-config="true" signature="setup()[pri:0, instance:tests.LoginTest@3e27ba32]" started-at="2024-12-04T20:45:10 IST" name="setup" finished-at="2024-12-04T20:45:17 IST" duration-ms="6681" status="PASS">
          <reporter-output>
          </reporter-output>
        </test-method> <!-- setup -->
        <test-method signature="testValidLogin()[pri:0, instance:tests.LoginTest@3e27ba32]" started-at="2024-12-04T20:45:17 IST" name="testValidLogin" finished-at="2024-12-04T20:45:23 IST" duration-ms="6412" status="PASS">
          <reporter-output>
          </reporter-output>
        </test-method> <!-- testValidLogin -->
        <test-method is-config="true" signature="teardown()[pri:0, instance:tests.LoginTest@3e27ba32]" started-at="2024-12-04T20:45:23 IST" name="teardown" finished-at="2024-12-04T20:45:24 IST" duration-ms="483" status="PASS">
          <reporter-output>
          </reporter-output>
        </test-method> <!-- teardown -->
      </class> <!-- tests.LoginTest -->
    </test> <!-- LoginTest -->
  </suite> <!-- LoginSuite -->
</testng-results>
